<?xml version="1.0" encoding="UTF-8"?>
<!-- Generated by org.testng.reporters.JUnitReportReporter -->
<testsuite hostname="ZA-5CD350K5XF" failures="0" tests="1" name="com.demo.runner.FormRunner" time="12.505" errors="0" timestamp="2025-02-18T08:07:14 SAST" skipped="0">
  <testcase classname="com.demo.runner.FormRunner" name="runScenario" time="12.505"/>
</testsuite> <!-- com.demo.runner.FormRunner -->
